[debug] [2017-06-13T18:23:58.806Z] ----------------------------------------------------------------------
[debug] [2017-06-13T18:23:58.808Z] Command:      C:\Program Files\nodejs\node.exe C:\Users\Raeen\AppData\Roaming\npm\node_modules\firebase-tools\bin\firebase init
[debug] [2017-06-13T18:23:58.809Z] CLI Version:  3.9.1
[debug] [2017-06-13T18:23:58.809Z] Platform:     win32
[debug] [2017-06-13T18:23:58.809Z] Node Version: v8.1.0
[debug] [2017-06-13T18:23:58.810Z] Time:         Tue Jun 13 2017 14:23:58 GMT-0400 (Eastern Daylight Time)
[debug] [2017-06-13T18:23:58.810Z] ----------------------------------------------------------------------
[debug] 
[debug] [2017-06-13T18:23:58.822Z] > command requires scopes: ["email","openid","https://www.googleapis.com/auth/cloudplatformprojects.readonly","https://www.googleapis.com/auth/firebase"]
[debug] [2017-06-13T18:23:58.823Z] > authorizing via signed-in user
[info] 
     ######## #### ########  ######## ########     ###     ######  ########
     ##        ##  ##     ## ##       ##     ##  ##   ##  ##       ##
     ######    ##  ########  ######   ########  #########  ######  ######
     ##        ##  ##    ##  ##       ##     ## ##     ##       ## ##
     ##       #### ##     ## ######## ########  ##     ##  ######  ########

You're about to initialize a Firebase project in this directory:

  C:\Users\Raeen\AndroidStudioProjects\ChatApp

[debug] [2017-06-13T18:26:10.631Z] ----------------------------------------------------------------------
[debug] [2017-06-13T18:26:10.633Z] Command:      C:\Program Files\nodejs\node.exe C:\Users\Raeen\AppData\Roaming\npm\node_modules\firebase-tools\bin\firebase init
[debug] [2017-06-13T18:26:10.633Z] CLI Version:  3.9.1
[debug] [2017-06-13T18:26:10.633Z] Platform:     win32
[debug] [2017-06-13T18:26:10.633Z] Node Version: v8.1.0
[debug] [2017-06-13T18:26:10.634Z] Time:         Tue Jun 13 2017 14:26:10 GMT-0400 (Eastern Daylight Time)
[debug] [2017-06-13T18:26:10.634Z] ----------------------------------------------------------------------
[debug] 
[debug] [2017-06-13T18:26:10.643Z] > command requires scopes: ["email","openid","https://www.googleapis.com/auth/cloudplatformprojects.readonly","https://www.googleapis.com/auth/firebase"]
[debug] [2017-06-13T18:26:10.644Z] > authorizing via signed-in user
[info] 
     ######## #### ########  ######## ########     ###     ######  ########
     ##        ##  ##     ## ##       ##     ##  ##   ##  ##       ##
     ######    ##  ########  ######   ########  #########  ######  ######
     ##        ##  ##    ##  ##       ##     ## ##     ##       ## ##
     ##       #### ##     ## ######## ########  ##     ##  ######  ########

You're about to initialize a Firebase project in this directory:

  C:\Users\Raeen\AndroidStudioProjects\ChatApp

